;  LST file generated by mikroListExporter - v.2.0 
; Date/Time: 24/06/2024 00:25:17
;----------------------------------------------

;Address Opcode 	ASM
0x0000	0x28BE      	GOTO       190
_bit_delay:
;PLL_16F628A_SAA1057.c,93 :: 		void bit_delay(){
;PLL_16F628A_SAA1057.c,94 :: 		delay_ms(2);
0x0003	0x3005      	MOVLW      5
0x0004	0x1283      	BCF        STATUS, 5
0x0005	0x1303      	BCF        STATUS, 6
0x0006	0x00FC      	MOVWF      R12
0x0007	0x30EE      	MOVLW      238
0x0008	0x00FD      	MOVWF      R13
L_bit_delay0:
0x0009	0x0BFD      	DECFSZ     R13, 1
0x000A	0x2809      	GOTO       L_bit_delay0
0x000B	0x0BFC      	DECFSZ     R12, 1
0x000C	0x2809      	GOTO       L_bit_delay0
0x000D	0x0000      	NOP
;PLL_16F628A_SAA1057.c,95 :: 		}
L_end_bit_delay:
0x000E	0x0008      	RETURN
; end of _bit_delay
_Send_Bit:
;PLL_16F628A_SAA1057.c,98 :: 		void Send_Bit(unsigned short b){
;PLL_16F628A_SAA1057.c,99 :: 		if (b == 1)
0x000F	0x1283      	BCF        STATUS, 5
0x0010	0x1303      	BCF        STATUS, 6
0x0011	0x082C      	MOVF       FARG_Send_Bit_b, 0
0x0012	0x3A01      	XORLW      1
0x0013	0x1D03      	BTFSS      STATUS, 2
0x0014	0x281D      	GOTO       L_Send_Bit1
;PLL_16F628A_SAA1057.c,101 :: 		Pin_DATA = 1;
0x0015	0x1605      	BSF        PORTA, 4
;PLL_16F628A_SAA1057.c,102 :: 		bit_delay();
0x0016	0x2003      	CALL       _bit_delay
;PLL_16F628A_SAA1057.c,103 :: 		Pin_CLOCK = 1;
0x0017	0x1505      	BSF        PORTA, 2
;PLL_16F628A_SAA1057.c,104 :: 		bit_delay();
0x0018	0x2003      	CALL       _bit_delay
;PLL_16F628A_SAA1057.c,105 :: 		Pin_CLOCK = 0;
0x0019	0x1105      	BCF        PORTA, 2
;PLL_16F628A_SAA1057.c,106 :: 		bit_delay();
0x001A	0x2003      	CALL       _bit_delay
;PLL_16F628A_SAA1057.c,107 :: 		Pin_DATA = 0;
0x001B	0x1205      	BCF        PORTA, 4
;PLL_16F628A_SAA1057.c,108 :: 		}
0x001C	0x2821      	GOTO       L_Send_Bit2
L_Send_Bit1:
;PLL_16F628A_SAA1057.c,111 :: 		Pin_DATA = 0;
0x001D	0x1205      	BCF        PORTA, 4
;PLL_16F628A_SAA1057.c,112 :: 		Pin_CLOCK = 1;
0x001E	0x1505      	BSF        PORTA, 2
;PLL_16F628A_SAA1057.c,113 :: 		bit_delay();
0x001F	0x2003      	CALL       _bit_delay
;PLL_16F628A_SAA1057.c,114 :: 		Pin_CLOCK = 0;
0x0020	0x1105      	BCF        PORTA, 2
;PLL_16F628A_SAA1057.c,115 :: 		}
L_Send_Bit2:
;PLL_16F628A_SAA1057.c,116 :: 		bit_delay();
0x0021	0x2003      	CALL       _bit_delay
;PLL_16F628A_SAA1057.c,117 :: 		}
L_end_Send_Bit:
0x0022	0x0008      	RETURN
; end of _Send_Bit
_SendWordB:
;PLL_16F628A_SAA1057.c,120 :: 		void SendWordB(unsigned short Byte1, unsigned short Byte0){
;PLL_16F628A_SAA1057.c,123 :: 		H = Byte1;
0x0023	0x1283      	BCF        STATUS, 5
0x0024	0x1303      	BCF        STATUS, 6
0x0025	0x0828      	MOVF       FARG_SendWordB_Byte1, 0
0x0026	0x00AA      	MOVWF      SendWordB_H_L0
;PLL_16F628A_SAA1057.c,124 :: 		L = Byte0;
0x0027	0x0829      	MOVF       FARG_SendWordB_Byte0, 0
0x0028	0x00AB      	MOVWF      SendWordB_L_L0
;PLL_16F628A_SAA1057.c,126 :: 		Pin_DLEN = 1;
0x0029	0x1585      	BSF        PORTA, 3
;PLL_16F628A_SAA1057.c,127 :: 		bit_delay();
0x002A	0x2003      	CALL       _bit_delay
;PLL_16F628A_SAA1057.c,129 :: 		Send_Bit(0);// Zero inicial
0x002B	0x01AC      	CLRF       FARG_Send_Bit_b
0x002C	0x200F      	CALL       _Send_Bit
;PLL_16F628A_SAA1057.c,131 :: 		for(i = 0; i < 8; i++)
0x002D	0x01A5      	CLRF       _i
L_SendWordB3:
0x002E	0x3008      	MOVLW      8
0x002F	0x0225      	SUBWF      _i, 0
0x0030	0x1803      	BTFSC      STATUS, 0
0x0031	0x283B      	GOTO       L_SendWordB4
;PLL_16F628A_SAA1057.c,133 :: 		Send_Bit(H.B7);
0x0032	0x3000      	MOVLW      0
0x0033	0x1BAA      	BTFSC      SendWordB_H_L0, 7
0x0034	0x3001      	MOVLW      1
0x0035	0x00AC      	MOVWF      FARG_Send_Bit_b
0x0036	0x200F      	CALL       _Send_Bit
;PLL_16F628A_SAA1057.c,134 :: 		H <<= 1;
0x0037	0x0DAA      	RLF        SendWordB_H_L0, 1
0x0038	0x102A      	BCF        SendWordB_H_L0, 0
;PLL_16F628A_SAA1057.c,131 :: 		for(i = 0; i < 8; i++)
0x0039	0x0AA5      	INCF       _i, 1
;PLL_16F628A_SAA1057.c,135 :: 		}
0x003A	0x282E      	GOTO       L_SendWordB3
L_SendWordB4:
;PLL_16F628A_SAA1057.c,137 :: 		for(i = 0; i < 8; i++)
0x003B	0x01A5      	CLRF       _i
L_SendWordB6:
0x003C	0x3008      	MOVLW      8
0x003D	0x0225      	SUBWF      _i, 0
0x003E	0x1803      	BTFSC      STATUS, 0
0x003F	0x2849      	GOTO       L_SendWordB7
;PLL_16F628A_SAA1057.c,139 :: 		Send_Bit(L.B7);
0x0040	0x3000      	MOVLW      0
0x0041	0x1BAB      	BTFSC      SendWordB_L_L0, 7
0x0042	0x3001      	MOVLW      1
0x0043	0x00AC      	MOVWF      FARG_Send_Bit_b
0x0044	0x200F      	CALL       _Send_Bit
;PLL_16F628A_SAA1057.c,140 :: 		L <<= 1;
0x0045	0x0DAB      	RLF        SendWordB_L_L0, 1
0x0046	0x102B      	BCF        SendWordB_L_L0, 0
;PLL_16F628A_SAA1057.c,137 :: 		for(i = 0; i < 8; i++)
0x0047	0x0AA5      	INCF       _i, 1
;PLL_16F628A_SAA1057.c,141 :: 		}
0x0048	0x283C      	GOTO       L_SendWordB6
L_SendWordB7:
;PLL_16F628A_SAA1057.c,143 :: 		Pin_DLEN = 0;
0x0049	0x1185      	BCF        PORTA, 3
;PLL_16F628A_SAA1057.c,144 :: 		bit_delay();
0x004A	0x2003      	CALL       _bit_delay
;PLL_16F628A_SAA1057.c,146 :: 		Pin_CLOCK = 1;
0x004B	0x1505      	BSF        PORTA, 2
;PLL_16F628A_SAA1057.c,147 :: 		bit_delay();
0x004C	0x2003      	CALL       _bit_delay
;PLL_16F628A_SAA1057.c,149 :: 		Pin_CLOCK = 0;
0x004D	0x1105      	BCF        PORTA, 2
;PLL_16F628A_SAA1057.c,150 :: 		bit_delay();
0x004E	0x2003      	CALL       _bit_delay
;PLL_16F628A_SAA1057.c,151 :: 		bit_delay();
0x004F	0x2003      	CALL       _bit_delay
;PLL_16F628A_SAA1057.c,152 :: 		bit_delay();
0x0050	0x2003      	CALL       _bit_delay
;PLL_16F628A_SAA1057.c,153 :: 		}
L_end_SendWordB:
0x0051	0x0008      	RETURN
; end of _SendWordB
_SendFrequency:
;PLL_16F628A_SAA1057.c,156 :: 		void SendFrequency(unsigned int Freq){
;PLL_16F628A_SAA1057.c,159 :: 		FreqH = (freq & 0xFF00) / 0x100;
0x0052	0x3000      	MOVLW      0
0x0053	0x1283      	BCF        STATUS, 5
0x0054	0x1303      	BCF        STATUS, 6
0x0055	0x0528      	ANDWF      FARG_SendFrequency_Freq, 0
0x0056	0x00F3      	MOVWF      R3
0x0057	0x0829      	MOVF       FARG_SendFrequency_Freq+1, 0
0x0058	0x39FF      	ANDLW      255
0x0059	0x00F4      	MOVWF      R3+1
0x005A	0x0874      	MOVF       R3+1, 0
0x005B	0x00F0      	MOVWF      R0
0x005C	0x01F1      	CLRF       R0+1
0x005D	0x0870      	MOVF       R0, 0
0x005E	0x00AA      	MOVWF      SendFrequency_FreqH_L0
;PLL_16F628A_SAA1057.c,160 :: 		FreqL = freq & 0xFF;
0x005F	0x30FF      	MOVLW      255
0x0060	0x0528      	ANDWF      FARG_SendFrequency_Freq, 0
0x0061	0x00AB      	MOVWF      SendFrequency_FreqL_L0
;PLL_16F628A_SAA1057.c,162 :: 		Pin_DLEN = 1;
0x0062	0x1585      	BSF        PORTA, 3
;PLL_16F628A_SAA1057.c,163 :: 		bit_delay();
0x0063	0x2003      	CALL       _bit_delay
;PLL_16F628A_SAA1057.c,165 :: 		Send_Bit(0);// Zero inicial
0x0064	0x01AC      	CLRF       FARG_Send_Bit_b
0x0065	0x200F      	CALL       _Send_Bit
;PLL_16F628A_SAA1057.c,167 :: 		for(i = 0; i < 8; i++)
0x0066	0x01A5      	CLRF       _i
L_SendFrequency9:
0x0067	0x3008      	MOVLW      8
0x0068	0x0225      	SUBWF      _i, 0
0x0069	0x1803      	BTFSC      STATUS, 0
0x006A	0x2874      	GOTO       L_SendFrequency10
;PLL_16F628A_SAA1057.c,169 :: 		Send_Bit(FreqH.B7);
0x006B	0x3000      	MOVLW      0
0x006C	0x1BAA      	BTFSC      SendFrequency_FreqH_L0, 7
0x006D	0x3001      	MOVLW      1
0x006E	0x00AC      	MOVWF      FARG_Send_Bit_b
0x006F	0x200F      	CALL       _Send_Bit
;PLL_16F628A_SAA1057.c,170 :: 		FreqH <<= 1;
0x0070	0x0DAA      	RLF        SendFrequency_FreqH_L0, 1
0x0071	0x102A      	BCF        SendFrequency_FreqH_L0, 0
;PLL_16F628A_SAA1057.c,167 :: 		for(i = 0; i < 8; i++)
0x0072	0x0AA5      	INCF       _i, 1
;PLL_16F628A_SAA1057.c,171 :: 		}
0x0073	0x2867      	GOTO       L_SendFrequency9
L_SendFrequency10:
;PLL_16F628A_SAA1057.c,173 :: 		for(i = 0; i < 8; i++)
0x0074	0x01A5      	CLRF       _i
L_SendFrequency12:
0x0075	0x3008      	MOVLW      8
0x0076	0x0225      	SUBWF      _i, 0
0x0077	0x1803      	BTFSC      STATUS, 0
0x0078	0x2882      	GOTO       L_SendFrequency13
;PLL_16F628A_SAA1057.c,175 :: 		Send_Bit(FreqL.B7);
0x0079	0x3000      	MOVLW      0
0x007A	0x1BAB      	BTFSC      SendFrequency_FreqL_L0, 7
0x007B	0x3001      	MOVLW      1
0x007C	0x00AC      	MOVWF      FARG_Send_Bit_b
0x007D	0x200F      	CALL       _Send_Bit
;PLL_16F628A_SAA1057.c,176 :: 		FreqL <<= 1;
0x007E	0x0DAB      	RLF        SendFrequency_FreqL_L0, 1
0x007F	0x102B      	BCF        SendFrequency_FreqL_L0, 0
;PLL_16F628A_SAA1057.c,173 :: 		for(i = 0; i < 8; i++)
0x0080	0x0AA5      	INCF       _i, 1
;PLL_16F628A_SAA1057.c,177 :: 		}
0x0081	0x2875      	GOTO       L_SendFrequency12
L_SendFrequency13:
;PLL_16F628A_SAA1057.c,179 :: 		Pin_DLEN = 0;
0x0082	0x1185      	BCF        PORTA, 3
;PLL_16F628A_SAA1057.c,180 :: 		bit_delay();
0x0083	0x2003      	CALL       _bit_delay
;PLL_16F628A_SAA1057.c,182 :: 		Pin_CLOCK = 1;
0x0084	0x1505      	BSF        PORTA, 2
;PLL_16F628A_SAA1057.c,183 :: 		bit_delay();
0x0085	0x2003      	CALL       _bit_delay
;PLL_16F628A_SAA1057.c,185 :: 		Pin_CLOCK = 0;
0x0086	0x1105      	BCF        PORTA, 2
;PLL_16F628A_SAA1057.c,186 :: 		bit_delay();
0x0087	0x2003      	CALL       _bit_delay
;PLL_16F628A_SAA1057.c,187 :: 		bit_delay();
0x0088	0x2003      	CALL       _bit_delay
;PLL_16F628A_SAA1057.c,188 :: 		bit_delay();
0x0089	0x2003      	CALL       _bit_delay
;PLL_16F628A_SAA1057.c,189 :: 		}
L_end_SendFrequency:
0x008A	0x0008      	RETURN
; end of _SendFrequency
_Mul_16X16_U:
;__Lib_Math.c,136 :: 		
;__Lib_Math.c,143 :: 		
0x008B	0x1283      	BCF        STATUS, 5
;__Lib_Math.c,144 :: 		
0x008C	0x1303      	BCF        STATUS, 6
;__Lib_Math.c,145 :: 		
0x008D	0x01FB      	CLRF       R11
;__Lib_Math.c,146 :: 		
0x008E	0x01FA      	CLRF       R10
;__Lib_Math.c,147 :: 		
0x008F	0x01F9      	CLRF       R9
;__Lib_Math.c,148 :: 		
0x0090	0x3080      	MOVLW      128
;__Lib_Math.c,149 :: 		
0x0091	0x00F8      	MOVWF      R8
;__Lib_Math.c,150 :: 		
0x0092	0x0CF1      	RRF        R1, 1
;__Lib_Math.c,151 :: 		
0x0093	0x0CF0      	RRF        R0, 1
;__Lib_Math.c,152 :: 		
0x0094	0x1C03      	BTFSS      STATUS, 0
;__Lib_Math.c,153 :: 		
0x0095	0x289F      	GOTO       $+10
;__Lib_Math.c,154 :: 		
0x0096	0x0874      	MOVF       R4, 0
;__Lib_Math.c,155 :: 		
0x0097	0x07F9      	ADDWF      R9, 1
;__Lib_Math.c,156 :: 		
0x0098	0x0875      	MOVF       R5, 0
;__Lib_Math.c,157 :: 		
0x0099	0x1803      	BTFSC      STATUS, 0
;__Lib_Math.c,158 :: 		
0x009A	0x0F75      	INCFSZ     R5, 0
;__Lib_Math.c,159 :: 		
0x009B	0x07FA      	ADDWF      R10, 1
;__Lib_Math.c,160 :: 		
0x009C	0x1803      	BTFSC      STATUS, 0
;__Lib_Math.c,161 :: 		
0x009D	0x0AFB      	INCF       R11, 1
;__Lib_Math.c,162 :: 		
0x009E	0x1003      	BCF        STATUS, 0
;__Lib_Math.c,163 :: 		
0x009F	0x1FF0      	BTFSS      R0, 7
;__Lib_Math.c,164 :: 		
0x00A0	0x28A7      	GOTO       $+7
;__Lib_Math.c,165 :: 		
0x00A1	0x0874      	MOVF       R4, 0
;__Lib_Math.c,166 :: 		
0x00A2	0x07FA      	ADDWF      R10, 1
;__Lib_Math.c,167 :: 		
0x00A3	0x0875      	MOVF       R5, 0
;__Lib_Math.c,168 :: 		
0x00A4	0x1803      	BTFSC      STATUS, 0
;__Lib_Math.c,169 :: 		
0x00A5	0x0F75      	INCFSZ     R5, 0
;__Lib_Math.c,170 :: 		
0x00A6	0x07FB      	ADDWF      R11, 1
;__Lib_Math.c,171 :: 		
0x00A7	0x0CFB      	RRF        R11, 1
;__Lib_Math.c,172 :: 		
0x00A8	0x0CFA      	RRF        R10, 1
;__Lib_Math.c,173 :: 		
0x00A9	0x0CF9      	RRF        R9, 1
;__Lib_Math.c,174 :: 		
0x00AA	0x0CF8      	RRF        R8, 1
;__Lib_Math.c,175 :: 		
0x00AB	0x1C03      	BTFSS      STATUS, 0
;__Lib_Math.c,176 :: 		
0x00AC	0x2892      	GOTO       $-26
;__Lib_Math.c,177 :: 		
0x00AD	0x087B      	MOVF       R11, 0
;__Lib_Math.c,178 :: 		
0x00AE	0x00F3      	MOVWF      R3
;__Lib_Math.c,179 :: 		
0x00AF	0x087A      	MOVF       R10, 0
;__Lib_Math.c,180 :: 		
0x00B0	0x00F2      	MOVWF      R2
;__Lib_Math.c,181 :: 		
0x00B1	0x0879      	MOVF       R9, 0
;__Lib_Math.c,182 :: 		
0x00B2	0x00F1      	MOVWF      R1
;__Lib_Math.c,183 :: 		
0x00B3	0x0878      	MOVF       R8, 0
;__Lib_Math.c,184 :: 		
0x00B4	0x00F0      	MOVWF      R0
;__Lib_Math.c,187 :: 		
L_end_Mul_16X16_U:
0x00B5	0x0008      	RETURN
; end of _Mul_16X16_U
_signal_delay:
;PLL_16F628A_SAA1057.c,191 :: 		void signal_delay(){
;PLL_16F628A_SAA1057.c,192 :: 		delay_us(7);
0x00B6	0x3004      	MOVLW      4
0x00B7	0x1283      	BCF        STATUS, 5
0x00B8	0x1303      	BCF        STATUS, 6
0x00B9	0x00FD      	MOVWF      R13
L_signal_delay15:
0x00BA	0x0BFD      	DECFSZ     R13, 1
0x00BB	0x28BA      	GOTO       L_signal_delay15
;PLL_16F628A_SAA1057.c,193 :: 		asm nop;
0x00BC	0x0000      	NOP
;PLL_16F628A_SAA1057.c,194 :: 		}
L_end_signal_delay:
0x00BD	0x0008      	RETURN
; end of _signal_delay
_main:
;PLL_16F628A_SAA1057.c,196 :: 		void main(){
;PLL_16F628A_SAA1057.c,198 :: 		CMCON = 0x07;
0x00BE	0x3007      	MOVLW      7
0x00BF	0x1283      	BCF        STATUS, 5
0x00C0	0x1303      	BCF        STATUS, 6
0x00C1	0x009F      	MOVWF      CMCON
;PLL_16F628A_SAA1057.c,199 :: 		PORTA = 0x00;
0x00C2	0x0185      	CLRF       PORTA
;PLL_16F628A_SAA1057.c,200 :: 		TRISA = 0b11100000; //RA1,RA2,RA3,RA4 como saída
0x00C3	0x30E0      	MOVLW      224
0x00C4	0x1683      	BSF        STATUS, 5
0x00C5	0x0085      	MOVWF      TRISA
;PLL_16F628A_SAA1057.c,201 :: 		TRISB  = 0xFF;//portB como entrada
0x00C6	0x30FF      	MOVLW      255
0x00C7	0x0086      	MOVWF      TRISB
;PLL_16F628A_SAA1057.c,202 :: 		OPTION_REG.B7 = 0; //habilita pull-up interno para portB
0x00C8	0x1381      	BCF        OPTION_REG, 7
;PLL_16F628A_SAA1057.c,208 :: 		WordB_B0 = 0;         // Apenas Limpa
0x00C9	0x1283      	BCF        STATUS, 5
0x00CA	0x01A6      	CLRF       _WordB_B0
;PLL_16F628A_SAA1057.c,209 :: 		WordB_B0 |= T_d;      // Saida Pino de teste = Contador in-lock
0x00CB	0x3005      	MOVLW      5
0x00CC	0x00A6      	MOVWF      _WordB_B0
;PLL_16F628A_SAA1057.c,210 :: 		WordB_B0.B4 = BRM_a;  // Corrente no latch reduzida automaticamente
0x00CD	0x1626      	BSF        _WordB_B0, 4
;PLL_16F628A_SAA1057.c,211 :: 		WordB_B0 |= PDM_a;    // Modo do detector de fase = Automático on/off
;PLL_16F628A_SAA1057.c,212 :: 		WordB_B0.B7 = SLA_b;  // Modo de carregamento do LatchA = Assíncrono
0x00CE	0x13A6      	BCF        _WordB_B0, 7
;PLL_16F628A_SAA1057.c,214 :: 		WordB_B1 = 0;         // Apenas Limpa
0x00CF	0x01A7      	CLRF       _WordB_B1
;PLL_16F628A_SAA1057.c,215 :: 		WordB_B1.B0 = SB2_a;  // Habilita os últimos 8 bits da wordB SLA até T0
0x00D0	0x1427      	BSF        _WordB_B1, 0
;PLL_16F628A_SAA1057.c,216 :: 		WordB_B1 |= CP_d;     // Corrente detector fase = 0,7mA
0x00D1	0x300C      	MOVLW      12
0x00D2	0x04A7      	IORWF      _WordB_B1, 1
;PLL_16F628A_SAA1057.c,217 :: 		WordB_B1.B5 = REFH_a; // Ref = 1KHz
0x00D3	0x12A7      	BCF        _WordB_B1, 5
;PLL_16F628A_SAA1057.c,218 :: 		WordB_B1.B6 = FM_a;   // Modo FM
0x00D4	0x1727      	BSF        _WordB_B1, 6
;PLL_16F628A_SAA1057.c,219 :: 		WordB_B1.B7 = 1;      // Sinaliza WordB
0x00D5	0x17A7      	BSF        _WordB_B1, 7
;PLL_16F628A_SAA1057.c,221 :: 		SendWordB(WordB_B1, WordB_B0);
0x00D6	0x0827      	MOVF       _WordB_B1, 0
0x00D7	0x00A8      	MOVWF      FARG_SendWordB_Byte1
0x00D8	0x0826      	MOVF       _WordB_B0, 0
0x00D9	0x00A9      	MOVWF      FARG_SendWordB_Byte0
0x00DA	0x2023      	CALL       _SendWordB
;PLL_16F628A_SAA1057.c,227 :: 		Keys = ~PortB;
0x00DB	0x0906      	COMF       PORTB, 0
0x00DC	0x00F0      	MOVWF      R0
0x00DD	0x0870      	MOVF       R0, 0
0x00DE	0x00A2      	MOVWF      _Keys
;PLL_16F628A_SAA1057.c,228 :: 		Frequency = Factor - Keys;
0x00DF	0x0870      	MOVF       R0, 0
0x00E0	0x3C38      	SUBLW      56
0x00E1	0x00F0      	MOVWF      R0
0x00E2	0x3000      	MOVLW      0
0x00E3	0x1C03      	BTFSS      STATUS, 0
0x00E4	0x3E01      	ADDLW      1
0x00E5	0x3C04      	SUBLW      4
0x00E6	0x00F1      	MOVWF      R0+1
0x00E7	0x0870      	MOVF       R0, 0
0x00E8	0x00A3      	MOVWF      _Frequency
0x00E9	0x0871      	MOVF       R0+1, 0
0x00EA	0x00A4      	MOVWF      _Frequency+1
;PLL_16F628A_SAA1057.c,229 :: 		Frequency = Frequency * 10;
0x00EB	0x300A      	MOVLW      10
0x00EC	0x00F4      	MOVWF      R4
0x00ED	0x3000      	MOVLW      0
0x00EE	0x00F5      	MOVWF      R4+1
0x00EF	0x208B      	CALL       _Mul_16X16_U
0x00F0	0x0870      	MOVF       R0, 0
0x00F1	0x00A3      	MOVWF      _Frequency
0x00F2	0x0871      	MOVF       R0+1, 0
0x00F3	0x00A4      	MOVWF      _Frequency+1
;PLL_16F628A_SAA1057.c,230 :: 		SendFrequency(Frequency);// Ex: 101,50Mhz = 10150
0x00F4	0x0870      	MOVF       R0, 0
0x00F5	0x00A8      	MOVWF      FARG_SendFrequency_Freq
0x00F6	0x0871      	MOVF       R0+1, 0
0x00F7	0x00A9      	MOVWF      FARG_SendFrequency_Freq+1
0x00F8	0x2052      	CALL       _SendFrequency
;PLL_16F628A_SAA1057.c,234 :: 		delay_ms(2000);//tempo para o pll sintonizar
0x00F9	0x3014      	MOVLW      20
0x00FA	0x00FB      	MOVWF      R11
0x00FB	0x3048      	MOVLW      72
0x00FC	0x00FC      	MOVWF      R12
0x00FD	0x3001      	MOVLW      1
0x00FE	0x00FD      	MOVWF      R13
L_main16:
0x00FF	0x0BFD      	DECFSZ     R13, 1
0x0100	0x28FF      	GOTO       L_main16
0x0101	0x0BFC      	DECFSZ     R12, 1
0x0102	0x28FF      	GOTO       L_main16
0x0103	0x0BFB      	DECFSZ     R11, 1
0x0104	0x28FF      	GOTO       L_main16
;PLL_16F628A_SAA1057.c,240 :: 		WordB_B0 = 0;         // Apenas Limpa
0x0105	0x01A6      	CLRF       _WordB_B0
;PLL_16F628A_SAA1057.c,241 :: 		WordB_B0 |= T_d;      // Saida Pino de teste = Contador in-lock
0x0106	0x3005      	MOVLW      5
0x0107	0x00A6      	MOVWF      _WordB_B0
;PLL_16F628A_SAA1057.c,242 :: 		WordB_B0.B4 = BRM_a;  // Corrente no latch reduzida automaticamente
0x0108	0x1626      	BSF        _WordB_B0, 4
;PLL_16F628A_SAA1057.c,243 :: 		WordB_B0 |= PDM_a;    // Modo do detector de fase = Automático on/off
;PLL_16F628A_SAA1057.c,244 :: 		WordB_B0.B7 = SLA_a;  // Modo de carregamento do LatchA = Síncrono
0x0109	0x17A6      	BSF        _WordB_B0, 7
;PLL_16F628A_SAA1057.c,246 :: 		WordB_B1 = 0;         // Apenas Limpa
0x010A	0x01A7      	CLRF       _WordB_B1
;PLL_16F628A_SAA1057.c,247 :: 		WordB_B1.B0 = SB2_a;  // Habilita os últimos 8 bits da wordB SLA até T0
0x010B	0x1427      	BSF        _WordB_B1, 0
;PLL_16F628A_SAA1057.c,248 :: 		WordB_B1 |= CP_b;     // Corrente detector fase = 0,07mA
0x010C	0x14A7      	BSF        _WordB_B1, 1
;PLL_16F628A_SAA1057.c,249 :: 		WordB_B1.B5 = REFH_a; // Ref = 1KHz
0x010D	0x12A7      	BCF        _WordB_B1, 5
;PLL_16F628A_SAA1057.c,250 :: 		WordB_B1.B6 = FM_a;   // Modo FM
0x010E	0x1727      	BSF        _WordB_B1, 6
;PLL_16F628A_SAA1057.c,251 :: 		WordB_B1.B7 = 1;      // Sinaliza WordB
0x010F	0x17A7      	BSF        _WordB_B1, 7
;PLL_16F628A_SAA1057.c,253 :: 		SendWordB(WordB_B1 , WordB_B0);
0x0110	0x0827      	MOVF       _WordB_B1, 0
0x0111	0x00A8      	MOVWF      FARG_SendWordB_Byte1
0x0112	0x0826      	MOVF       _WordB_B0, 0
0x0113	0x00A9      	MOVWF      FARG_SendWordB_Byte0
0x0114	0x2023      	CALL       _SendWordB
;PLL_16F628A_SAA1057.c,254 :: 		SendFrequency(Frequency);
0x0115	0x0823      	MOVF       _Frequency, 0
0x0116	0x00A8      	MOVWF      FARG_SendFrequency_Freq
0x0117	0x0824      	MOVF       _Frequency+1, 0
0x0118	0x00A9      	MOVWF      FARG_SendFrequency_Freq+1
0x0119	0x2052      	CALL       _SendFrequency
;PLL_16F628A_SAA1057.c,273 :: 		while(1)
L_main17:
;PLL_16F628A_SAA1057.c,275 :: 		TRISA = E1_D0_P1;
0x011A	0x301D      	MOVLW      29
0x011B	0x1683      	BSF        STATUS, 5
0x011C	0x0085      	MOVWF      TRISA
;PLL_16F628A_SAA1057.c,276 :: 		signal_delay();
0x011D	0x20B6      	CALL       _signal_delay
;PLL_16F628A_SAA1057.c,277 :: 		asm nop;
0x011E	0x0000      	NOP
;PLL_16F628A_SAA1057.c,278 :: 		asm nop;
0x011F	0x0000      	NOP
;PLL_16F628A_SAA1057.c,280 :: 		TRISA = E0_D1_P1;
0x0120	0x301E      	MOVLW      30
0x0121	0x1683      	BSF        STATUS, 5
0x0122	0x0085      	MOVWF      TRISA
;PLL_16F628A_SAA1057.c,281 :: 		signal_delay();
0x0123	0x20B6      	CALL       _signal_delay
;PLL_16F628A_SAA1057.c,282 :: 		asm nop;
0x0124	0x0000      	NOP
;PLL_16F628A_SAA1057.c,283 :: 		asm nop;
0x0125	0x0000      	NOP
;PLL_16F628A_SAA1057.c,285 :: 		TRISA = E1_D0_P0;
0x0126	0x300D      	MOVLW      13
0x0127	0x1683      	BSF        STATUS, 5
0x0128	0x0085      	MOVWF      TRISA
;PLL_16F628A_SAA1057.c,286 :: 		signal_delay();
0x0129	0x20B6      	CALL       _signal_delay
;PLL_16F628A_SAA1057.c,287 :: 		asm nop;
0x012A	0x0000      	NOP
;PLL_16F628A_SAA1057.c,288 :: 		asm nop;
0x012B	0x0000      	NOP
;PLL_16F628A_SAA1057.c,290 :: 		TRISA = E0_D1_P0;
0x012C	0x300E      	MOVLW      14
0x012D	0x1683      	BSF        STATUS, 5
0x012E	0x0085      	MOVWF      TRISA
;PLL_16F628A_SAA1057.c,291 :: 		signal_delay();
0x012F	0x20B6      	CALL       _signal_delay
;PLL_16F628A_SAA1057.c,293 :: 		}
0x0130	0x291A      	GOTO       L_main17
;PLL_16F628A_SAA1057.c,295 :: 		}
L_end_main:
0x0131	0x2931      	GOTO       $+0
; end of _main
Symbol List:
//** Routines locations **
//ADDRESS    SIZE    PROCEDURE
//----------------------------------------------
0x0003      [12]    _bit_delay
0x000F      [20]    _Send_Bit
0x0023      [47]    _SendWordB
0x0052      [57]    _SendFrequency
0x008B      [43]    _Mul_16X16_U
0x00B6       [8]    _signal_delay
0x00BE     [116]    _main
//** Variables locations ** 
//ADDRESS    SIZE    VARIABLE
//----------------------------------------------
0x0000       [1]    INDF
0x0003       [1]    STATUS
0x0004       [1]    FSR
0x0005       [1]    PORTA
0x0006       [1]    PORTB
0x000A       [1]    PCLATH
0x001F       [1]    CMCON
0x0020       [2]    ___DoICPAddr
0x0022       [1]    _Keys
0x0023       [2]    _Frequency
0x0025       [1]    _i
0x0026       [1]    _WordB_B0
0x0027       [1]    _WordB_B1
0x0028       [2]    FARG_SendFrequency_Freq
0x0028       [1]    FARG_SendWordB_Byte1
0x0029       [1]    FARG_SendWordB_Byte0
0x002A       [1]    SendWordB_H_L0
0x002A       [1]    SendFrequency_FreqH_L0
0x002B       [1]    SendWordB_L_L0
0x002B       [1]    SendFrequency_FreqL_L0
0x002C       [1]    FARG_Send_Bit_b
0x0070       [1]    R0
0x0071       [1]    R1
0x0072       [1]    R2
0x0073       [1]    R3
0x0074       [1]    R4
0x0075       [1]    R5
0x0076       [1]    R6
0x0077       [1]    R7
0x0078       [1]    R8
0x0079       [1]    R9
0x007A       [1]    R10
0x007B       [1]    R11
0x007C       [1]    R12
0x007D       [1]    R13
0x007E       [1]    R14
0x007F       [1]    R15
0x0081       [1]    OPTION_REG
0x0085       [1]    TRISA
0x0086       [1]    TRISB
